<html>
<head>
<title>TestNG:  Practice Test</title>
<link href="../testng.css" rel="stylesheet" type="text/css" />
<link href="../my-testng.css" rel="stylesheet" type="text/css" />

<style type="text/css">
.log { display: none;} 
.stack-trace { display: none;} 
</style>
<script type="text/javascript">
<!--
function flip(e) {
  current = e.style.display;
  if (current == 'block') {
    e.style.display = 'none';
    return 0;
  }
  else {
    e.style.display = 'block';
    return 1;
  }
}

function toggleBox(szDivId, elem, msg1, msg2)
{
  var res = -1;  if (document.getElementById) {
    res = flip(document.getElementById(szDivId));
  }
  else if (document.all) {
    // this is the way old msie versions work
    res = flip(document.all[szDivId]);
  }
  if(elem) {
    if(res == 0) elem.innerHTML = msg1; else elem.innerHTML = msg2;
  }

}

function toggleAllBoxes() {
  if (document.getElementsByTagName) {
    d = document.getElementsByTagName('div');
    for (i = 0; i < d.length; i++) {
      if (d[i].className == 'log') {
        flip(d[i]);
      }
    }
  }
}

// -->
</script>

</head>
<body>
<h2 align='center'>Practice Test</h2><table border='1' align="center">
<tr>
<td>Tests passed/Failed/Skipped:</td><td>8/0/2</td>
</tr><tr>
<td>Started on:</td><td>Sun Feb 13 19:05:28 IST 2022</td>
</tr>
<tr><td>Total time:</td><td>168 seconds (168324 ms)</td>
</tr><tr>
<td>Included groups:</td><td></td>
</tr><tr>
<td>Excluded groups:</td><td></td>
</tr>
</table><p/>
<small><i>(Hover the method name to see the test class name)</i></small><p/>
<table width='100%' border='1' class='invocation-failed'>
<tr><td colspan='4' align='center'><b>FAILED CONFIGURATIONS</b></td></tr>
<tr><td><b>Test method</b></td>
<td width="30%"><b>Exception</b></td>
<td width="10%"><b>Time (seconds)</b></td>
<td><b>Instance</b></td>
</tr>
<tr>
<td title='com.qyrus.practice.qa.pages.testcases.ContactsPageTestCase.setUp()'><b>setUp</b><br>Test class: com.qyrus.practice.qa.pages.testcases.ContactsPageTestCase</td>
<td><div><pre>org.openqa.selenium.TimeoutException: timeout: Timed out receiving message from renderer: 39.329
  (Session info: chrome=97.0.4692.99)
Build info: version: &apos;4.1.2&apos;, revision: &apos;9a5a329c5a&apos;
System info: host: &apos;LPT797-B1&apos;, ip: &apos;192.168.1.2&apos;, os.name: &apos;Windows 10&apos;, os.arch: &apos;amd64&apos;, os.version: &apos;10.0&apos;, java.version: &apos;1.8.0_201&apos;
Driver info: org.openqa.selenium.chrome.ChromeDriver
Command: [d8d478edee2cea5c2f4244f5406b2084, get {url=https://ui.cogmento.com/}]
Capabilities {acceptInsecureCerts: false, browserName: chrome, browserVersion: 97.0.4692.99, chrome: {chromedriverVersion: 96.0.4664.45 (76e4c1bb2ab46..., userDataDir: C:\Users\MeghanaK\AppData\L...}, goog:chromeOptions: {debuggerAddress: localhost:53337}, javascriptEnabled: true, networkConnectionEnabled: false, pageLoadStrategy: normal, platform: WINDOWS, platformName: WINDOWS, proxy: Proxy(), se:cdp: ws://localhost:53337/devtoo..., se:cdpVersion: 97.0.4692.99, setWindowRect: true, strictFileInteractability: false, timeouts: {implicit: 0, pageLoad: 300000, script: 30000}, unhandledPromptBehavior: dismiss and notify, webauthn:extension:credBlob: true, webauthn:extension:largeBlob: true, webauthn:virtualAuthenticators: true}
Session ID: d8d478edee2cea5c2f4244f5406b2084
	at org.openqa.selenium.remote.codec.w3c.W3CHttpResponseCodec.createException(W3CHttpResponseCodec.java:200)
	at org.openqa.selenium.remote.codec.w3c.W3CHttpResponseCodec.decode(W3CHttpResponseCodec.java:133)
	at org.openqa.selenium.remote.codec.w3c.W3CHttpResponseCodec.decode(W3CHttpResponseCodec.java:53)
	at org.openqa.selenium.remote.HttpCommandExecutor.execute(HttpCommandExecutor.java:184)
	at org.openqa.selenium.remote.service.DriverCommandExecutor.invokeExecute(DriverCommandExecutor.java:167)
	at org.openqa.selenium.remote.service.DriverCommandExecutor.execute(DriverCommandExecutor.java:142)
	at org.openqa.selenium.remote.RemoteWebDriver.execute(RemoteWebDriver.java:558)
	at org.openqa.selenium.remote.RemoteWebDriver.get(RemoteWebDriver.java:327)
	at org.openqa.selenium.support.events.EventFiringWebDriver.lambda$new$1(EventFiringWebDriver.java:115)
	at com.sun.proxy.$Proxy13.get(Unknown Source)
	at org.openqa.selenium.support.events.EventFiringWebDriver.get(EventFiringWebDriver.java:175)
	at com.qyrus.practice.qa.parent.PBase.initialization(PBase.java:54)
	at com.qyrus.practice.qa.pages.testcases.ContactsPageTestCase.setUp(ContactsPageTestCase.java:31)
... Removed 35 stack frames</pre></div><a href='#' onClick='toggleBox("stack-trace1391818342", this, "Click to show all stack frames", "Click to hide stack frames")'>Click to show all stack frames</a>
<div class='stack-trace' id='stack-trace1391818342'><pre>org.openqa.selenium.TimeoutException: timeout: Timed out receiving message from renderer: 39.329
  (Session info: chrome=97.0.4692.99)
Build info: version: &apos;4.1.2&apos;, revision: &apos;9a5a329c5a&apos;
System info: host: &apos;LPT797-B1&apos;, ip: &apos;192.168.1.2&apos;, os.name: &apos;Windows 10&apos;, os.arch: &apos;amd64&apos;, os.version: &apos;10.0&apos;, java.version: &apos;1.8.0_201&apos;
Driver info: org.openqa.selenium.chrome.ChromeDriver
Command: [d8d478edee2cea5c2f4244f5406b2084, get {url=https://ui.cogmento.com/}]
Capabilities {acceptInsecureCerts: false, browserName: chrome, browserVersion: 97.0.4692.99, chrome: {chromedriverVersion: 96.0.4664.45 (76e4c1bb2ab46..., userDataDir: C:\Users\MeghanaK\AppData\L...}, goog:chromeOptions: {debuggerAddress: localhost:53337}, javascriptEnabled: true, networkConnectionEnabled: false, pageLoadStrategy: normal, platform: WINDOWS, platformName: WINDOWS, proxy: Proxy(), se:cdp: ws://localhost:53337/devtoo..., se:cdpVersion: 97.0.4692.99, setWindowRect: true, strictFileInteractability: false, timeouts: {implicit: 0, pageLoad: 300000, script: 30000}, unhandledPromptBehavior: dismiss and notify, webauthn:extension:credBlob: true, webauthn:extension:largeBlob: true, webauthn:virtualAuthenticators: true}
Session ID: d8d478edee2cea5c2f4244f5406b2084
	at sun.reflect.NativeConstructorAccessorImpl.newInstance0(Native Method)
	at sun.reflect.NativeConstructorAccessorImpl.newInstance(NativeConstructorAccessorImpl.java:62)
	at sun.reflect.DelegatingConstructorAccessorImpl.newInstance(DelegatingConstructorAccessorImpl.java:45)
	at java.lang.reflect.Constructor.newInstance(Constructor.java:423)
	at org.openqa.selenium.remote.codec.w3c.W3CHttpResponseCodec.createException(W3CHttpResponseCodec.java:200)
	at org.openqa.selenium.remote.codec.w3c.W3CHttpResponseCodec.decode(W3CHttpResponseCodec.java:133)
	at org.openqa.selenium.remote.codec.w3c.W3CHttpResponseCodec.decode(W3CHttpResponseCodec.java:53)
	at org.openqa.selenium.remote.HttpCommandExecutor.execute(HttpCommandExecutor.java:184)
	at org.openqa.selenium.remote.service.DriverCommandExecutor.invokeExecute(DriverCommandExecutor.java:167)
	at org.openqa.selenium.remote.service.DriverCommandExecutor.execute(DriverCommandExecutor.java:142)
	at org.openqa.selenium.remote.RemoteWebDriver.execute(RemoteWebDriver.java:558)
	at org.openqa.selenium.remote.RemoteWebDriver.get(RemoteWebDriver.java:327)
	at sun.reflect.NativeMethodAccessorImpl.invoke0(Native Method)
	at sun.reflect.NativeMethodAccessorImpl.invoke(NativeMethodAccessorImpl.java:62)
	at sun.reflect.DelegatingMethodAccessorImpl.invoke(DelegatingMethodAccessorImpl.java:43)
	at java.lang.reflect.Method.invoke(Method.java:498)
	at org.openqa.selenium.support.events.EventFiringWebDriver.lambda$new$1(EventFiringWebDriver.java:115)
	at com.sun.proxy.$Proxy13.get(Unknown Source)
	at org.openqa.selenium.support.events.EventFiringWebDriver.get(EventFiringWebDriver.java:175)
	at com.qyrus.practice.qa.parent.PBase.initialization(PBase.java:54)
	at com.qyrus.practice.qa.pages.testcases.ContactsPageTestCase.setUp(ContactsPageTestCase.java:31)
	at sun.reflect.NativeMethodAccessorImpl.invoke0(Native Method)
	at sun.reflect.NativeMethodAccessorImpl.invoke(NativeMethodAccessorImpl.java:62)
	at sun.reflect.DelegatingMethodAccessorImpl.invoke(DelegatingMethodAccessorImpl.java:43)
	at java.lang.reflect.Method.invoke(Method.java:498)
	at org.testng.internal.MethodInvocationHelper.invokeMethod(MethodInvocationHelper.java:100)
	at org.testng.internal.Invoker.invokeConfigurationMethod(Invoker.java:515)
	at org.testng.internal.Invoker.invokeConfigurations(Invoker.java:216)
	at org.testng.internal.Invoker.invokeMethod(Invoker.java:590)
	at org.testng.internal.Invoker.invokeTestMethod(Invoker.java:811)
	at org.testng.internal.Invoker.invokeTestMethods(Invoker.java:1129)
	at org.testng.internal.TestMethodWorker.invokeTestMethods(TestMethodWorker.java:129)
	at org.testng.internal.TestMethodWorker.run(TestMethodWorker.java:112)
	at org.testng.TestRunner.privateRun(TestRunner.java:746)
	at org.testng.TestRunner.run(TestRunner.java:600)
	at org.testng.SuiteRunner.runTest(SuiteRunner.java:366)
	at org.testng.SuiteRunner.runSequentially(SuiteRunner.java:361)
	at org.testng.SuiteRunner.privateRun(SuiteRunner.java:319)
	at org.testng.SuiteRunner.run(SuiteRunner.java:268)
	at org.testng.SuiteRunnerWorker.runSuite(SuiteRunnerWorker.java:52)
	at org.testng.SuiteRunnerWorker.run(SuiteRunnerWorker.java:86)
	at org.testng.TestNG.runSuitesSequentially(TestNG.java:1264)
	at org.testng.TestNG.runSuitesLocally(TestNG.java:1189)
	at org.testng.TestNG.runSuites(TestNG.java:1104)
	at org.testng.TestNG.run(TestNG.java:1076)
	at org.testng.remote.AbstractRemoteTestNG.run(AbstractRemoteTestNG.java:126)
	at org.testng.remote.RemoteTestNG.initAndRun(RemoteTestNG.java:152)
	at org.testng.remote.RemoteTestNG.main(RemoteTestNG.java:57)
</pre></div></td>
<td>0</td>
<td>com.qyrus.practice.qa.pages.testcases.ContactsPageTestCase@67b92f0a</td></tr>
</table><p>
<table width='100%' border='1' class='invocation-skipped'>
<tr><td colspan='4' align='center'><b>SKIPPED CONFIGURATIONS</b></td></tr>
<tr><td><b>Test method</b></td>
<td width="30%"><b>Exception</b></td>
<td width="10%"><b>Time (seconds)</b></td>
<td><b>Instance</b></td>
</tr>
<tr>
<td title='com.qyrus.practice.qa.pages.testcases.ContactsPageTestCase.setUp()'><b>setUp</b><br>Test class: com.qyrus.practice.qa.pages.testcases.ContactsPageTestCase</td>
<td></td>
<td>0</td>
<td>com.qyrus.practice.qa.pages.testcases.ContactsPageTestCase@67b92f0a</td></tr>
<tr>
<td title='com.qyrus.practice.qa.pages.testcases.ContactsPageTestCase.terminate()'><b>terminate</b><br>Test class: com.qyrus.practice.qa.pages.testcases.ContactsPageTestCase</td>
<td></td>
<td>0</td>
<td>com.qyrus.practice.qa.pages.testcases.ContactsPageTestCase@67b92f0a</td></tr>
<tr>
<td title='com.qyrus.practice.qa.pages.testcases.ContactsPageTestCase.terminate()'><b>terminate</b><br>Test class: com.qyrus.practice.qa.pages.testcases.ContactsPageTestCase</td>
<td></td>
<td>0</td>
<td>com.qyrus.practice.qa.pages.testcases.ContactsPageTestCase@67b92f0a</td></tr>
</table><p>
<table width='100%' border='1' class='invocation-passed'>
<tr><td colspan='4' align='center'><b>PASSED TESTS</b></td></tr>
<tr><td><b>Test method</b></td>
<td width="30%"><b>Exception</b></td>
<td width="10%"><b>Time (seconds)</b></td>
<td><b>Instance</b></td>
</tr>
<tr>
<td title='com.qyrus.practice.qa.pages.testcases.ContactsPageTestCase.clickDashboard()'><b>clickDashboard</b><br>Test class: com.qyrus.practice.qa.pages.testcases.ContactsPageTestCase</td>
<td></td>
<td>2</td>
<td>com.qyrus.practice.qa.pages.testcases.ContactsPageTestCase@67b92f0a</td></tr>
<tr>
<td title='com.qyrus.practice.qa.pages.testcases.ContactsPageTestCase.createNewContact()'><b>createNewContact</b><br>Test class: com.qyrus.practice.qa.pages.testcases.ContactsPageTestCase<br>Parameters: Meghana, K</td>
<td></td>
<td>3</td>
<td>com.qyrus.practice.qa.pages.testcases.ContactsPageTestCase@67b92f0a</td></tr>
<tr>
<td title='com.qyrus.practice.qa.pages.testcases.LoginPageTestCase.getLogo()'><b>getLogo</b><br>Test class: com.qyrus.practice.qa.pages.testcases.LoginPageTestCase</td>
<td></td>
<td>4</td>
<td>com.qyrus.practice.qa.pages.testcases.LoginPageTestCase@6325a3ee</td></tr>
<tr>
<td title='com.qyrus.practice.qa.pages.testcases.LoginPageTestCase.getTitle()'><b>getTitle</b><br>Test class: com.qyrus.practice.qa.pages.testcases.LoginPageTestCase</td>
<td></td>
<td>0</td>
<td>com.qyrus.practice.qa.pages.testcases.LoginPageTestCase@6325a3ee</td></tr>
<tr>
<td title='com.qyrus.practice.qa.pages.testcases.HomePageTestCase.getTitle()'><b>getTitle</b><br>Test class: com.qyrus.practice.qa.pages.testcases.HomePageTestCase</td>
<td></td>
<td>0</td>
<td>com.qyrus.practice.qa.pages.testcases.HomePageTestCase@1d16f93d</td></tr>
<tr>
<td title='com.qyrus.practice.qa.pages.testcases.HomePageTestCase.hoverContacts()'><b>hoverContacts</b><br>Test class: com.qyrus.practice.qa.pages.testcases.HomePageTestCase</td>
<td></td>
<td>8</td>
<td>com.qyrus.practice.qa.pages.testcases.HomePageTestCase@1d16f93d</td></tr>
<tr>
<td title='com.qyrus.practice.qa.pages.testcases.HomePageTestCase.hoverNewContacts()'><b>hoverNewContacts</b><br>Test class: com.qyrus.practice.qa.pages.testcases.HomePageTestCase</td>
<td></td>
<td>9</td>
<td>com.qyrus.practice.qa.pages.testcases.HomePageTestCase@1d16f93d</td></tr>
<tr>
<td title='com.qyrus.practice.qa.pages.testcases.LoginPageTestCase.setLoginData()'><b>setLoginData</b><br>Test class: com.qyrus.practice.qa.pages.testcases.LoginPageTestCase</td>
<td></td>
<td>2</td>
<td>com.qyrus.practice.qa.pages.testcases.LoginPageTestCase@6325a3ee</td></tr>
</table><p>
<table width='100%' border='1' class='invocation-skipped'>
<tr><td colspan='4' align='center'><b>SKIPPED TESTS</b></td></tr>
<tr><td><b>Test method</b></td>
<td width="30%"><b>Exception</b></td>
<td width="10%"><b>Time (seconds)</b></td>
<td><b>Instance</b></td>
</tr>
<tr>
<td title='com.qyrus.practice.qa.pages.testcases.ContactsPageTestCase.createNewContact()'><b>createNewContact</b><br>Test class: com.qyrus.practice.qa.pages.testcases.ContactsPageTestCase<br>Parameters: Chaithra, A</td>
<td></td>
<td>0</td>
<td>com.qyrus.practice.qa.pages.testcases.ContactsPageTestCase@67b92f0a</td></tr>
<tr>
<td title='com.qyrus.practice.qa.pages.testcases.ContactsPageTestCase.createNewContact()'><b>createNewContact</b><br>Test class: com.qyrus.practice.qa.pages.testcases.ContactsPageTestCase<br>Parameters: Nandini, S</td>
<td></td>
<td>0</td>
<td>com.qyrus.practice.qa.pages.testcases.ContactsPageTestCase@67b92f0a</td></tr>
</table><p>
</body>
</html>